# JRE version: OpenJDK Runtime Environment Temurin-17.0.7+7 (17.0.7+7) (build 17.0.7+7)
# Java VM: OpenJDK 64-Bit Server VM Temurin-17.0.7+7 (17.0.7+7, mixed mode, tiered, compressed oops, compressed class ptrs, parallel gc, windows-amd64)
GC Precious Log:
 CPUs: 4 total, 4 available
 Memory: 12245M
 Large Page Support: Disabled
 NUMA Support: Disabled
 Compressed Oops: Enabled (32-bit)
 Alignments: Space 512K, Generation 512K, Heap 2M
 Heap Min Capacity: 100M
 Heap Initial Capacity: 100M
 Heap Max Capacity: 1G
 Pre-touch: Disabled
 Parallel Workers: 4
Heap:
 PSYoungGen      total 17920K, used 1904K [0x00000000eab00000, 0x00000000ec400000, 0x0000000100000000)
  eden space 16384K, 2% used [0x00000000eab00000,0x00000000eab633e8,0x00000000ebb00000)
  from space 1536K, 98% used [0x00000000ebe80000,0x00000000ebff8d98,0x00000000ec000000)
  to   space 3584K, 0% used [0x00000000ebb00000,0x00000000ebb00000,0x00000000ebe80000)
 ParOldGen       total 68608K, used 36700K [0x00000000c0000000, 0x00000000c4300000, 0x00000000eab00000)
  object space 68608K, 53% used [0x00000000c0000000,0x00000000c23d71f0,0x00000000c4300000)
 Metaspace       used 63439K, committed 64448K, reserved 1114112K
  class space    used 6741K, committed 7168K, reserved 1048576K
GC Heap History (20 events):
Event: 8.403 GC heap before
{Heap before GC invocations=24 (full 2):
 PSYoungGen      total 19968K, used 19750K [0x00000000eab00000, 0x00000000ec300000, 0x0000000100000000)
  eden space 18944K, 100% used [0x00000000eab00000,0x00000000ebd80000,0x00000000ebd80000)
  from space 1024K, 78% used [0x00000000ebd80000,0x00000000ebe499d0,0x00000000ebe80000)
  to   space 2560K, 0% used [0x00000000ec080000,0x00000000ec080000,0x00000000ec300000)
 ParOldGen       total 68608K, used 30644K [0x00000000c0000000, 0x00000000c4300000, 0x00000000eab00000)
  object space 68608K, 44% used [0x00000000c0000000,0x00000000c1ded368,0x00000000c4300000)
 Metaspace       used 52384K, committed 53248K, reserved 1114112K
  class space    used 5691K, committed 6080K, reserved 1048576K
}
Event: 8.404 GC heap after
{Heap after GC invocations=24 (full 2):
 PSYoungGen      total 19456K, used 352K [0x00000000eab00000, 0x00000000ec100000, 0x0000000100000000)
  eden space 18944K, 0% used [0x00000000eab00000,0x00000000eab00000,0x00000000ebd80000)
  from space 512K, 68% used [0x00000000ec080000,0x00000000ec0d8000,0x00000000ec100000)
  to   space 1024K, 0% used [0x00000000ebf00000,0x00000000ebf00000,0x00000000ec000000)
 ParOldGen       total 68608K, used 31366K [0x00000000c0000000, 0x00000000c4300000, 0x00000000eab00000)
  object space 68608K, 45% used [0x00000000c0000000,0x00000000c1ea1830,0x00000000c4300000)
 Metaspace       used 52384K, committed 53248K, reserved 1114112K
  class space    used 5691K, committed 6080K, reserved 1048576K
}
Event: 8.543 GC heap before
{Heap before GC invocations=25 (full 2):
 PSYoungGen      total 19456K, used 19296K [0x00000000eab00000, 0x00000000ec100000, 0x0000000100000000)
  eden space 18944K, 100% used [0x00000000eab00000,0x00000000ebd80000,0x00000000ebd80000)
  from space 512K, 68% used [0x00000000ec080000,0x00000000ec0d8000,0x00000000ec100000)
  to   space 1024K, 0% used [0x00000000ebf00000,0x00000000ebf00000,0x00000000ec000000)
 ParOldGen       total 68608K, used 31366K [0x00000000c0000000, 0x00000000c4300000, 0x00000000eab00000)
  object space 68608K, 45% used [0x00000000c0000000,0x00000000c1ea1830,0x00000000c4300000)
 Metaspace       used 52420K, committed 53312K, reserved 1114112K
  class space    used 5693K, committed 6080K, reserved 1048576K
}
Event: 8.545 GC heap after
{Heap after GC invocations=25 (full 2):
 PSYoungGen      total 19968K, used 993K [0x00000000eab00000, 0x00000000ec180000, 0x0000000100000000)
  eden space 18944K, 0% used [0x00000000eab00000,0x00000000eab00000,0x00000000ebd80000)
  from space 1024K, 97% used [0x00000000ebf00000,0x00000000ebff8668,0x00000000ec000000)
  to   space 1536K, 0% used [0x00000000ec000000,0x00000000ec000000,0x00000000ec180000)
 ParOldGen       total 68608K, used 31822K [0x00000000c0000000, 0x00000000c4300000, 0x00000000eab00000)
  object space 68608K, 46% used [0x00000000c0000000,0x00000000c1f13830,0x00000000c4300000)
 Metaspace       used 52420K, committed 53312K, reserved 1114112K
  class space    used 5693K, committed 6080K, reserved 1048576K
}
Event: 8.759 GC heap before
{Heap before GC invocations=26 (full 2):
 PSYoungGen      total 19968K, used 19937K [0x00000000eab00000, 0x00000000ec180000, 0x0000000100000000)
  eden space 18944K, 100% used [0x00000000eab00000,0x00000000ebd80000,0x00000000ebd80000)
  from space 1024K, 97% used [0x00000000ebf00000,0x00000000ebff8668,0x00000000ec000000)
  to   space 1536K, 0% used [0x00000000ec000000,0x00000000ec000000,0x00000000ec180000)
 ParOldGen       total 68608K, used 31822K [0x00000000c0000000, 0x00000000c4300000, 0x00000000eab00000)
  object space 68608K, 46% used [0x00000000c0000000,0x00000000c1f13830,0x00000000c4300000)
 Metaspace       used 53664K, committed 54528K, reserved 1114112K
  class space    used 5795K, committed 6144K, reserved 1048576K
}
Event: 8.760 GC heap after
{Heap after GC invocations=26 (full 2):
 PSYoungGen      total 19456K, used 160K [0x00000000eab00000, 0x00000000ec080000, 0x0000000100000000)
  eden space 18944K, 0% used [0x00000000eab00000,0x00000000eab00000,0x00000000ebd80000)
  from space 512K, 31% used [0x00000000ec000000,0x00000000ec028000,0x00000000ec080000)
  to   space 1024K, 0% used [0x00000000ebe80000,0x00000000ebe80000,0x00000000ebf80000)
 ParOldGen       total 68608K, used 31958K [0x00000000c0000000, 0x00000000c4300000, 0x00000000eab00000)
  object space 68608K, 46% used [0x00000000c0000000,0x00000000c1f35830,0x00000000c4300000)
 Metaspace       used 53664K, committed 54528K, reserved 1114112K
  class space    used 5795K, committed 6144K, reserved 1048576K
}
Event: 9.501 GC heap before
{Heap before GC invocations=27 (full 2):
 PSYoungGen      total 19456K, used 19104K [0x00000000eab00000, 0x00000000ec080000, 0x0000000100000000)
  eden space 18944K, 100% used [0x00000000eab00000,0x00000000ebd80000,0x00000000ebd80000)
  from space 512K, 31% used [0x00000000ec000000,0x00000000ec028000,0x00000000ec080000)
  to   space 1024K, 0% used [0x00000000ebe80000,0x00000000ebe80000,0x00000000ebf80000)
 ParOldGen       total 68608K, used 31958K [0x00000000c0000000, 0x00000000c4300000, 0x00000000eab00000)
  object space 68608K, 46% used [0x00000000c0000000,0x00000000c1f35830,0x00000000c4300000)
 Metaspace       used 56181K, committed 57152K, reserved 1114112K
  class space    used 6071K, committed 6464K, reserved 1048576K
}
Event: 9.504 GC heap after
{Heap after GC invocations=27 (full 2):
 PSYoungGen      total 19968K, used 1003K [0x00000000eab00000, 0x00000000ec180000, 0x0000000100000000)
  eden space 18944K, 0% used [0x00000000eab00000,0x00000000eab00000,0x00000000ebd80000)
  from space 1024K, 98% used [0x00000000ebe80000,0x00000000ebf7af38,0x00000000ebf80000)
  to   space 2048K, 0% used [0x00000000ebf80000,0x00000000ebf80000,0x00000000ec180000)
 ParOldGen       total 68608K, used 32478K [0x00000000c0000000, 0x00000000c4300000, 0x00000000eab00000)
  object space 68608K, 47% used [0x00000000c0000000,0x00000000c1fb78b0,0x00000000c4300000)
 Metaspace       used 56181K, committed 57152K, reserved 1114112K
  class space    used 6071K, committed 6464K, reserved 1048576K
}
Event: 10.288 GC heap before
{Heap before GC invocations=28 (full 2):
 PSYoungGen      total 19968K, used 19947K [0x00000000eab00000, 0x00000000ec180000, 0x0000000100000000)
  eden space 18944K, 100% used [0x00000000eab00000,0x00000000ebd80000,0x00000000ebd80000)
  from space 1024K, 98% used [0x00000000ebe80000,0x00000000ebf7af38,0x00000000ebf80000)
  to   space 2048K, 0% used [0x00000000ebf80000,0x00000000ebf80000,0x00000000ec180000)
 ParOldGen       total 68608K, used 32478K [0x00000000c0000000, 0x00000000c4300000, 0x00000000eab00000)
  object space 68608K, 47% used [0x00000000c0000000,0x00000000c1fb78b0,0x00000000c4300000)
 Metaspace       used 58484K, committed 59456K, reserved 1114112K
  class space    used 6294K, committed 6720K, reserved 1048576K
}
Event: 10.292 GC heap after
{Heap after GC invocations=28 (full 2):
 PSYoungGen      total 20992K, used 1569K [0x00000000eab00000, 0x00000000ec180000, 0x0000000100000000)
  eden space 18944K, 0% used [0x00000000eab00000,0x00000000eab00000,0x00000000ebd80000)
  from space 2048K, 76% used [0x00000000ebf80000,0x00000000ec108438,0x00000000ec180000)
  to   space 2048K, 0% used [0x00000000ebd80000,0x00000000ebd80000,0x00000000ebf80000)
 ParOldGen       total 68608K, used 33466K [0x00000000c0000000, 0x00000000c4300000, 0x00000000eab00000)
  object space 68608K, 48% used [0x00000000c0000000,0x00000000c20aeb30,0x00000000c4300000)
 Metaspace       used 58484K, committed 59456K, reserved 1114112K
  class space    used 6294K, committed 6720K, reserved 1048576K
}
Event: 10.432 GC heap before
{Heap before GC invocations=29 (full 2):
 PSYoungGen      total 20992K, used 5084K [0x00000000eab00000, 0x00000000ec180000, 0x0000000100000000)
  eden space 18944K, 18% used [0x00000000eab00000,0x00000000eae6ebf0,0x00000000ebd80000)
  from space 2048K, 76% used [0x00000000ebf80000,0x00000000ec108438,0x00000000ec180000)
  to   space 2048K, 0% used [0x00000000ebd80000,0x00000000ebd80000,0x00000000ebf80000)
 ParOldGen       total 68608K, used 33466K [0x00000000c0000000, 0x00000000c4300000, 0x00000000eab00000)
  object space 68608K, 48% used [0x00000000c0000000,0x00000000c20aeb30,0x00000000c4300000)
 Metaspace       used 58802K, committed 59776K, reserved 1114112K
  class space    used 6313K, committed 6720K, reserved 1048576K
}
Event: 10.437 GC heap after
{Heap after GC invocations=29 (full 2):
 PSYoungGen      total 19968K, used 590K [0x00000000eab00000, 0x00000000ec000000, 0x0000000100000000)
  eden space 18944K, 0% used [0x00000000eab00000,0x00000000eab00000,0x00000000ebd80000)
  from space 1024K, 57% used [0x00000000ebd80000,0x00000000ebe13ad8,0x00000000ebe80000)
  to   space 1024K, 0% used [0x00000000ebf00000,0x00000000ebf00000,0x00000000ec000000)
 ParOldGen       total 68608K, used 34945K [0x00000000c0000000, 0x00000000c4300000, 0x00000000eab00000)
  object space 68608K, 50% used [0x00000000c0000000,0x00000000c2220718,0x00000000c4300000)
 Metaspace       used 58802K, committed 59776K, reserved 1114112K
  class space    used 6313K, committed 6720K, reserved 1048576K
}
Event: 10.437 GC heap before
{Heap before GC invocations=30 (full 3):
 PSYoungGen      total 19968K, used 590K [0x00000000eab00000, 0x00000000ec000000, 0x0000000100000000)
  eden space 18944K, 0% used [0x00000000eab00000,0x00000000eab00000,0x00000000ebd80000)
  from space 1024K, 57% used [0x00000000ebd80000,0x00000000ebe13ad8,0x00000000ebe80000)
  to   space 1024K, 0% used [0x00000000ebf00000,0x00000000ebf00000,0x00000000ec000000)
 ParOldGen       total 68608K, used 34945K [0x00000000c0000000, 0x00000000c4300000, 0x00000000eab00000)
  object space 68608K, 50% used [0x00000000c0000000,0x00000000c2220718,0x00000000c4300000)
 Metaspace       used 58802K, committed 59776K, reserved 1114112K
  class space    used 6313K, committed 6720K, reserved 1048576K
}
Event: 10.552 GC heap after
{Heap after GC invocations=30 (full 3):
 PSYoungGen      total 19968K, used 0K [0x00000000eab00000, 0x00000000ec000000, 0x0000000100000000)
  eden space 18944K, 0% used [0x00000000eab00000,0x00000000eab00000,0x00000000ebd80000)
  from space 1024K, 0% used [0x00000000ebd80000,0x00000000ebd80000,0x00000000ebe80000)
  to   space 1024K, 0% used [0x00000000ebf00000,0x00000000ebf00000,0x00000000ec000000)
 ParOldGen       total 68608K, used 33494K [0x00000000c0000000, 0x00000000c4300000, 0x00000000eab00000)
  object space 68608K, 48% used [0x00000000c0000000,0x00000000c20b5a10,0x00000000c4300000)
 Metaspace       used 58798K, committed 59776K, reserved 1114112K
  class space    used 6312K, committed 6720K, reserved 1048576K
}
Event: 10.997 GC heap before
{Heap before GC invocations=31 (full 3):
 PSYoungGen      total 19968K, used 18944K [0x00000000eab00000, 0x00000000ec000000, 0x0000000100000000)
  eden space 18944K, 100% used [0x00000000eab00000,0x00000000ebd80000,0x00000000ebd80000)
  from space 1024K, 0% used [0x00000000ebd80000,0x00000000ebd80000,0x00000000ebe80000)
  to   space 1024K, 0% used [0x00000000ebf00000,0x00000000ebf00000,0x00000000ec000000)
 ParOldGen       total 68608K, used 33494K [0x00000000c0000000, 0x00000000c4300000, 0x00000000eab00000)
  object space 68608K, 48% used [0x00000000c0000000,0x00000000c20b5a10,0x00000000c4300000)
 Metaspace       used 60798K, committed 61760K, reserved 1114112K
  class space    used 6519K, committed 6912K, reserved 1048576K
}
Event: 11.000 GC heap after
{Heap after GC invocations=31 (full 3):
 PSYoungGen      total 19456K, used 1020K [0x00000000eab00000, 0x00000000ec180000, 0x0000000100000000)
  eden space 18432K, 0% used [0x00000000eab00000,0x00000000eab00000,0x00000000ebd00000)
  from space 1024K, 99% used [0x00000000ebf00000,0x00000000ebfff2a0,0x00000000ec000000)
  to   space 2048K, 0% used [0x00000000ebd00000,0x00000000ebd00000,0x00000000ebf00000)
 ParOldGen       total 68608K, used 34133K [0x00000000c0000000, 0x00000000c4300000, 0x00000000eab00000)
  object space 68608K, 49% used [0x00000000c0000000,0x00000000c2155490,0x00000000c4300000)
 Metaspace       used 60798K, committed 61760K, reserved 1114112K
  class space    used 6519K, committed 6912K, reserved 1048576K
}
Event: 11.534 GC heap before
{Heap before GC invocations=32 (full 3):
 PSYoungGen      total 19456K, used 19452K [0x00000000eab00000, 0x00000000ec180000, 0x0000000100000000)
  eden space 18432K, 100% used [0x00000000eab00000,0x00000000ebd00000,0x00000000ebd00000)
  from space 1024K, 99% used [0x00000000ebf00000,0x00000000ebfff2a0,0x00000000ec000000)
  to   space 2048K, 0% used [0x00000000ebd00000,0x00000000ebd00000,0x00000000ebf00000)
 ParOldGen       total 68608K, used 34133K [0x00000000c0000000, 0x00000000c4300000, 0x00000000eab00000)
  object space 68608K, 49% used [0x00000000c0000000,0x00000000c2155490,0x00000000c4300000)
 Metaspace       used 62212K, committed 63232K, reserved 1114112K
  class space    used 6626K, committed 7040K, reserved 1048576K
}
Event: 11.537 GC heap after
{Heap after GC invocations=32 (full 3):
 PSYoungGen      total 19968K, used 1366K [0x00000000eab00000, 0x00000000ec000000, 0x0000000100000000)
  eden space 18432K, 0% used [0x00000000eab00000,0x00000000eab00000,0x00000000ebd00000)
  from space 1536K, 88% used [0x00000000ebd00000,0x00000000ebe55af0,0x00000000ebe80000)
  to   space 1536K, 0% used [0x00000000ebe80000,0x00000000ebe80000,0x00000000ec000000)
 ParOldGen       total 68608K, used 35094K [0x00000000c0000000, 0x00000000c4300000, 0x00000000eab00000)
  object space 68608K, 51% used [0x00000000c0000000,0x00000000c2245930,0x00000000c4300000)
 Metaspace       used 62212K, committed 63232K, reserved 1114112K
  class space    used 6626K, committed 7040K, reserved 1048576K
}
Event: 12.115 GC heap before
{Heap before GC invocations=33 (full 3):
 PSYoungGen      total 19968K, used 19798K [0x00000000eab00000, 0x00000000ec000000, 0x0000000100000000)
  eden space 18432K, 100% used [0x00000000eab00000,0x00000000ebd00000,0x00000000ebd00000)
  from space 1536K, 88% used [0x00000000ebd00000,0x00000000ebe55af0,0x00000000ebe80000)
  to   space 1536K, 0% used [0x00000000ebe80000,0x00000000ebe80000,0x00000000ec000000)
 ParOldGen       total 68608K, used 35094K [0x00000000c0000000, 0x00000000c4300000, 0x00000000eab00000)
  object space 68608K, 51% used [0x00000000c0000000,0x00000000c2245930,0x00000000c4300000)
 Metaspace       used 63433K, committed 64448K, reserved 1114112K
  class space    used 6741K, committed 7168K, reserved 1048576K
}
Event: 12.119 GC heap after
{Heap after GC invocations=33 (full 3):
 PSYoungGen      total 17920K, used 1507K [0x00000000eab00000, 0x00000000ec400000, 0x0000000100000000)
  eden space 16384K, 0% used [0x00000000eab00000,0x00000000eab00000,0x00000000ebb00000)
  from space 1536K, 98% used [0x00000000ebe80000,0x00000000ebff8d98,0x00000000ec000000)
  to   space 3584K, 0% used [0x00000000ebb00000,0x00000000ebb00000,0x00000000ebe80000)
 ParOldGen       total 68608K, used 36700K [0x00000000c0000000, 0x00000000c4300000, 0x00000000eab00000)
  object space 68608K, 53% used [0x00000000c0000000,0x00000000c23d71f0,0x00000000c4300000)
 Metaspace       used 63433K, committed 64448K, reserved 1114112K
  class space    used 6741K, committed 7168K, reserved 1048576K
}

