# JRE version: OpenJDK Runtime Environment Temurin-17.0.7+7 (17.0.7+7) (build 17.0.7+7)
# Java VM: OpenJDK 64-Bit Server VM Temurin-17.0.7+7 (17.0.7+7, mixed mode, tiered, compressed oops, compressed class ptrs, parallel gc, windows-amd64)
GC Precious Log:
 CPUs: 4 total, 4 available
 Memory: 12245M
 Large Page Support: Disabled
 NUMA Support: Disabled
 Compressed Oops: Enabled (32-bit)
 Alignments: Space 512K, Generation 512K, Heap 2M
 Heap Min Capacity: 100M
 Heap Initial Capacity: 100M
 Heap Max Capacity: 1G
 Pre-touch: Disabled
 Parallel Workers: 4
Heap:
 PSYoungGen      total 2048K, used 854K [0x00000000eab00000, 0x00000000eaf80000, 0x0000000100000000)
  eden space 1536K, 23% used [0x00000000eab00000,0x00000000eab59b20,0x00000000eac80000)
  from space 512K, 96% used [0x00000000ead80000,0x00000000eadfc010,0x00000000eae00000)
  to   space 1536K, 0% used [0x00000000eae00000,0x00000000eae00000,0x00000000eaf80000)
 ParOldGen       total 109568K, used 108890K [0x00000000c0000000, 0x00000000c6b00000, 0x00000000eab00000)
  object space 109568K, 99% used [0x00000000c0000000,0x00000000c6a56928,0x00000000c6b00000)
 Metaspace       used 79575K, committed 80704K, reserved 1179648K
  class space    used 8299K, committed 8768K, reserved 1048576K
GC Heap History (20 events):
Event: 435.850 GC heap before
{Heap before GC invocations=495 (full 13):
 PSYoungGen      total 2048K, used 935K [0x00000000eab00000, 0x00000000eae00000, 0x0000000100000000)
  eden space 512K, 99% used [0x00000000eab00000,0x00000000eab7fff8,0x00000000eab80000)
  from space 1536K, 27% used [0x00000000eab80000,0x00000000eabea000,0x00000000ead00000)
  to   space 1024K, 0% used [0x00000000ead00000,0x00000000ead00000,0x00000000eae00000)
 ParOldGen       total 109568K, used 102089K [0x00000000c0000000, 0x00000000c6b00000, 0x00000000eab00000)
  object space 109568K, 93% used [0x00000000c0000000,0x00000000c63b25e8,0x00000000c6b00000)
 Metaspace       used 79573K, committed 80704K, reserved 1179648K
  class space    used 8299K, committed 8768K, reserved 1048576K
}
Event: 435.852 GC heap after
{Heap after GC invocations=495 (full 13):
 PSYoungGen      total 2048K, used 528K [0x00000000eab00000, 0x00000000eae00000, 0x0000000100000000)
  eden space 1024K, 0% used [0x00000000eab00000,0x00000000eab00000,0x00000000eac00000)
  from space 1024K, 51% used [0x00000000ead00000,0x00000000ead84000,0x00000000eae00000)
  to   space 1024K, 0% used [0x00000000eac00000,0x00000000eac00000,0x00000000ead00000)
 ParOldGen       total 109568K, used 102305K [0x00000000c0000000, 0x00000000c6b00000, 0x00000000eab00000)
  object space 109568K, 93% used [0x00000000c0000000,0x00000000c63e85e8,0x00000000c6b00000)
 Metaspace       used 79573K, committed 80704K, reserved 1179648K
  class space    used 8299K, committed 8768K, reserved 1048576K
}
Event: 435.864 GC heap before
{Heap before GC invocations=496 (full 13):
 PSYoungGen      total 2048K, used 1552K [0x00000000eab00000, 0x00000000eae00000, 0x0000000100000000)
  eden space 1024K, 100% used [0x00000000eab00000,0x00000000eac00000,0x00000000eac00000)
  from space 1024K, 51% used [0x00000000ead00000,0x00000000ead84000,0x00000000eae00000)
  to   space 1024K, 0% used [0x00000000eac00000,0x00000000eac00000,0x00000000ead00000)
 ParOldGen       total 109568K, used 102305K [0x00000000c0000000, 0x00000000c6b00000, 0x00000000eab00000)
  object space 109568K, 93% used [0x00000000c0000000,0x00000000c63e85e8,0x00000000c6b00000)
 Metaspace       used 79574K, committed 80704K, reserved 1179648K
  class space    used 8299K, committed 8768K, reserved 1048576K
}
Event: 435.867 GC heap after
{Heap after GC invocations=496 (full 13):
 PSYoungGen      total 2048K, used 1024K [0x00000000eab00000, 0x00000000eaf80000, 0x0000000100000000)
  eden space 1024K, 0% used [0x00000000eab00000,0x00000000eab00000,0x00000000eac00000)
  from space 1024K, 100% used [0x00000000eac00000,0x00000000ead00000,0x00000000ead00000)
  to   space 1536K, 0% used [0x00000000eae00000,0x00000000eae00000,0x00000000eaf80000)
 ParOldGen       total 109568K, used 102489K [0x00000000c0000000, 0x00000000c6b00000, 0x00000000eab00000)
  object space 109568K, 93% used [0x00000000c0000000,0x00000000c64165e8,0x00000000c6b00000)
 Metaspace       used 79574K, committed 80704K, reserved 1179648K
  class space    used 8299K, committed 8768K, reserved 1048576K
}
Event: 435.900 GC heap before
{Heap before GC invocations=497 (full 13):
 PSYoungGen      total 2048K, used 2048K [0x00000000eab00000, 0x00000000eaf80000, 0x0000000100000000)
  eden space 1024K, 100% used [0x00000000eab00000,0x00000000eac00000,0x00000000eac00000)
  from space 1024K, 100% used [0x00000000eac00000,0x00000000ead00000,0x00000000ead00000)
  to   space 1536K, 0% used [0x00000000eae00000,0x00000000eae00000,0x00000000eaf80000)
 ParOldGen       total 109568K, used 102489K [0x00000000c0000000, 0x00000000c6b00000, 0x00000000eab00000)
  object space 109568K, 93% used [0x00000000c0000000,0x00000000c64165e8,0x00000000c6b00000)
 Metaspace       used 79574K, committed 80704K, reserved 1179648K
  class space    used 8299K, committed 8768K, reserved 1048576K
}
Event: 435.902 GC heap after
{Heap after GC invocations=497 (full 13):
 PSYoungGen      total 2560K, used 1082K [0x00000000eab00000, 0x00000000eaf80000, 0x0000000100000000)
  eden space 1024K, 0% used [0x00000000eab00000,0x00000000eab00000,0x00000000eac00000)
  from space 1536K, 70% used [0x00000000eae00000,0x00000000eaf0eb00,0x00000000eaf80000)
  to   space 1536K, 0% used [0x00000000eac80000,0x00000000eac80000,0x00000000eae00000)
 ParOldGen       total 109568K, used 103497K [0x00000000c0000000, 0x00000000c6b00000, 0x00000000eab00000)
  object space 109568K, 94% used [0x00000000c0000000,0x00000000c65125e8,0x00000000c6b00000)
 Metaspace       used 79574K, committed 80704K, reserved 1179648K
  class space    used 8299K, committed 8768K, reserved 1048576K
}
Event: 435.906 GC heap before
{Heap before GC invocations=498 (full 13):
 PSYoungGen      total 2560K, used 2106K [0x00000000eab00000, 0x00000000eaf80000, 0x0000000100000000)
  eden space 1024K, 100% used [0x00000000eab00000,0x00000000eac00000,0x00000000eac00000)
  from space 1536K, 70% used [0x00000000eae00000,0x00000000eaf0eb00,0x00000000eaf80000)
  to   space 1536K, 0% used [0x00000000eac80000,0x00000000eac80000,0x00000000eae00000)
 ParOldGen       total 109568K, used 103497K [0x00000000c0000000, 0x00000000c6b00000, 0x00000000eab00000)
  object space 109568K, 94% used [0x00000000c0000000,0x00000000c65125e8,0x00000000c6b00000)
 Metaspace       used 79574K, committed 80704K, reserved 1179648K
  class space    used 8299K, committed 8768K, reserved 1048576K
}
Event: 435.908 GC heap after
{Heap after GC invocations=498 (full 13):
 PSYoungGen      total 3072K, used 1024K [0x00000000eab00000, 0x00000000eaf80000, 0x0000000100000000)
  eden space 1536K, 0% used [0x00000000eab00000,0x00000000eab00000,0x00000000eac80000)
  from space 1536K, 66% used [0x00000000eac80000,0x00000000ead80000,0x00000000eae00000)
  to   space 1536K, 0% used [0x00000000eae00000,0x00000000eae00000,0x00000000eaf80000)
 ParOldGen       total 109568K, used 104516K [0x00000000c0000000, 0x00000000c6b00000, 0x00000000eab00000)
  object space 109568K, 95% used [0x00000000c0000000,0x00000000c66110e8,0x00000000c6b00000)
 Metaspace       used 79574K, committed 80704K, reserved 1179648K
  class space    used 8299K, committed 8768K, reserved 1048576K
}
Event: 435.920 GC heap before
{Heap before GC invocations=499 (full 13):
 PSYoungGen      total 3072K, used 2560K [0x00000000eab00000, 0x00000000eaf80000, 0x0000000100000000)
  eden space 1536K, 100% used [0x00000000eab00000,0x00000000eac80000,0x00000000eac80000)
  from space 1536K, 66% used [0x00000000eac80000,0x00000000ead80000,0x00000000eae00000)
  to   space 1536K, 0% used [0x00000000eae00000,0x00000000eae00000,0x00000000eaf80000)
 ParOldGen       total 109568K, used 104516K [0x00000000c0000000, 0x00000000c6b00000, 0x00000000eab00000)
  object space 109568K, 95% used [0x00000000c0000000,0x00000000c66110e8,0x00000000c6b00000)
 Metaspace       used 79574K, committed 80704K, reserved 1179648K
  class space    used 8299K, committed 8768K, reserved 1048576K
}
Event: 435.922 GC heap after
{Heap after GC invocations=499 (full 13):
 PSYoungGen      total 3072K, used 1416K [0x00000000eab00000, 0x00000000eb000000, 0x0000000100000000)
  eden space 1536K, 0% used [0x00000000eab00000,0x00000000eab00000,0x00000000eac80000)
  from space 1536K, 92% used [0x00000000eae00000,0x00000000eaf62000,0x00000000eaf80000)
  to   space 1536K, 0% used [0x00000000eac80000,0x00000000eac80000,0x00000000eae00000)
 ParOldGen       total 109568K, used 105540K [0x00000000c0000000, 0x00000000c6b00000, 0x00000000eab00000)
  object space 109568K, 96% used [0x00000000c0000000,0x00000000c67110e8,0x00000000c6b00000)
 Metaspace       used 79574K, committed 80704K, reserved 1179648K
  class space    used 8299K, committed 8768K, reserved 1048576K
}
Event: 436.162 GC heap before
{Heap before GC invocations=500 (full 13):
 PSYoungGen      total 3072K, used 2952K [0x00000000eab00000, 0x00000000eb000000, 0x0000000100000000)
  eden space 1536K, 100% used [0x00000000eab00000,0x00000000eac80000,0x00000000eac80000)
  from space 1536K, 92% used [0x00000000eae00000,0x00000000eaf62000,0x00000000eaf80000)
  to   space 1536K, 0% used [0x00000000eac80000,0x00000000eac80000,0x00000000eae00000)
 ParOldGen       total 109568K, used 105540K [0x00000000c0000000, 0x00000000c6b00000, 0x00000000eab00000)
  object space 109568K, 96% used [0x00000000c0000000,0x00000000c67110e8,0x00000000c6b00000)
 Metaspace       used 79574K, committed 80704K, reserved 1179648K
  class space    used 8299K, committed 8768K, reserved 1048576K
}
Event: 436.164 GC heap after
{Heap after GC invocations=500 (full 13):
 PSYoungGen      total 3072K, used 912K [0x00000000eab00000, 0x00000000eaf80000, 0x0000000100000000)
  eden space 1536K, 0% used [0x00000000eab00000,0x00000000eab00000,0x00000000eac80000)
  from space 1536K, 59% used [0x00000000eac80000,0x00000000ead64000,0x00000000eae00000)
  to   space 1536K, 0% used [0x00000000eae00000,0x00000000eae00000,0x00000000eaf80000)
 ParOldGen       total 109568K, used 106740K [0x00000000c0000000, 0x00000000c6b00000, 0x00000000eab00000)
  object space 109568K, 97% used [0x00000000c0000000,0x00000000c683d0e8,0x00000000c6b00000)
 Metaspace       used 79574K, committed 80704K, reserved 1179648K
  class space    used 8299K, committed 8768K, reserved 1048576K
}
Event: 436.169 GC heap before
{Heap before GC invocations=501 (full 13):
 PSYoungGen      total 3072K, used 2448K [0x00000000eab00000, 0x00000000eaf80000, 0x0000000100000000)
  eden space 1536K, 100% used [0x00000000eab00000,0x00000000eac80000,0x00000000eac80000)
  from space 1536K, 59% used [0x00000000eac80000,0x00000000ead64000,0x00000000eae00000)
  to   space 1536K, 0% used [0x00000000eae00000,0x00000000eae00000,0x00000000eaf80000)
 ParOldGen       total 109568K, used 106740K [0x00000000c0000000, 0x00000000c6b00000, 0x00000000eab00000)
  object space 109568K, 97% used [0x00000000c0000000,0x00000000c683d0e8,0x00000000c6b00000)
 Metaspace       used 79574K, committed 80704K, reserved 1179648K
  class space    used 8299K, committed 8768K, reserved 1048576K
}
Event: 436.170 GC heap after
{Heap after GC invocations=501 (full 13):
 PSYoungGen      total 2560K, used 688K [0x00000000eab00000, 0x00000000eaf00000, 0x0000000100000000)
  eden space 1536K, 0% used [0x00000000eab00000,0x00000000eab00000,0x00000000eac80000)
  from space 1024K, 67% used [0x00000000eae00000,0x00000000eaeac010,0x00000000eaf00000)
  to   space 1024K, 0% used [0x00000000ead00000,0x00000000ead00000,0x00000000eae00000)
 ParOldGen       total 109568K, used 107578K [0x00000000c0000000, 0x00000000c6b00000, 0x00000000eab00000)
  object space 109568K, 98% used [0x00000000c0000000,0x00000000c690eb48,0x00000000c6b00000)
 Metaspace       used 79574K, committed 80704K, reserved 1179648K
  class space    used 8299K, committed 8768K, reserved 1048576K
}
Event: 436.691 GC heap before
{Heap before GC invocations=502 (full 13):
 PSYoungGen      total 2560K, used 2224K [0x00000000eab00000, 0x00000000eaf00000, 0x0000000100000000)
  eden space 1536K, 99% used [0x00000000eab00000,0x00000000eac7fff0,0x00000000eac80000)
  from space 1024K, 67% used [0x00000000eae00000,0x00000000eaeac010,0x00000000eaf00000)
  to   space 1024K, 0% used [0x00000000ead00000,0x00000000ead00000,0x00000000eae00000)
 ParOldGen       total 109568K, used 107578K [0x00000000c0000000, 0x00000000c6b00000, 0x00000000eab00000)
  object space 109568K, 98% used [0x00000000c0000000,0x00000000c690eb48,0x00000000c6b00000)
 Metaspace       used 79575K, committed 80704K, reserved 1179648K
  class space    used 8299K, committed 8768K, reserved 1048576K
}
Event: 436.693 GC heap after
{Heap after GC invocations=502 (full 13):
 PSYoungGen      total 2560K, used 288K [0x00000000eab00000, 0x00000000eae80000, 0x0000000100000000)
  eden space 1536K, 0% used [0x00000000eab00000,0x00000000eab00000,0x00000000eac80000)
  from space 1024K, 28% used [0x00000000ead00000,0x00000000ead48000,0x00000000eae00000)
  to   space 512K, 0% used [0x00000000eae00000,0x00000000eae00000,0x00000000eae80000)
 ParOldGen       total 109568K, used 108151K [0x00000000c0000000, 0x00000000c6b00000, 0x00000000eab00000)
  object space 109568K, 98% used [0x00000000c0000000,0x00000000c699dfe8,0x00000000c6b00000)
 Metaspace       used 79575K, committed 80704K, reserved 1179648K
  class space    used 8299K, committed 8768K, reserved 1048576K
}
Event: 436.743 GC heap before
{Heap before GC invocations=503 (full 13):
 PSYoungGen      total 2560K, used 1824K [0x00000000eab00000, 0x00000000eae80000, 0x0000000100000000)
  eden space 1536K, 100% used [0x00000000eab00000,0x00000000eac80000,0x00000000eac80000)
  from space 1024K, 28% used [0x00000000ead00000,0x00000000ead48000,0x00000000eae00000)
  to   space 512K, 0% used [0x00000000eae00000,0x00000000eae00000,0x00000000eae80000)
 ParOldGen       total 109568K, used 108151K [0x00000000c0000000, 0x00000000c6b00000, 0x00000000eab00000)
  object space 109568K, 98% used [0x00000000c0000000,0x00000000c699dfe8,0x00000000c6b00000)
 Metaspace       used 79575K, committed 80704K, reserved 1179648K
  class space    used 8299K, committed 8768K, reserved 1048576K
}
Event: 436.744 GC heap after
{Heap after GC invocations=503 (full 13):
 PSYoungGen      total 2048K, used 448K [0x00000000eab00000, 0x00000000eae80000, 0x0000000100000000)
  eden space 1536K, 0% used [0x00000000eab00000,0x00000000eab00000,0x00000000eac80000)
  from space 512K, 87% used [0x00000000eae00000,0x00000000eae70000,0x00000000eae80000)
  to   space 512K, 0% used [0x00000000ead80000,0x00000000ead80000,0x00000000eae00000)
 ParOldGen       total 109568K, used 108349K [0x00000000c0000000, 0x00000000c6b00000, 0x00000000eab00000)
  object space 109568K, 98% used [0x00000000c0000000,0x00000000c69cf488,0x00000000c6b00000)
 Metaspace       used 79575K, committed 80704K, reserved 1179648K
  class space    used 8299K, committed 8768K, reserved 1048576K
}
Event: 436.751 GC heap before
{Heap before GC invocations=504 (full 13):
 PSYoungGen      total 2048K, used 1984K [0x00000000eab00000, 0x00000000eae80000, 0x0000000100000000)
  eden space 1536K, 100% used [0x00000000eab00000,0x00000000eac80000,0x00000000eac80000)
  from space 512K, 87% used [0x00000000eae00000,0x00000000eae70000,0x00000000eae80000)
  to   space 512K, 0% used [0x00000000ead80000,0x00000000ead80000,0x00000000eae00000)
 ParOldGen       total 109568K, used 108349K [0x00000000c0000000, 0x00000000c6b00000, 0x00000000eab00000)
  object space 109568K, 98% used [0x00000000c0000000,0x00000000c69cf488,0x00000000c6b00000)
 Metaspace       used 79575K, committed 80704K, reserved 1179648K
  class space    used 8299K, committed 8768K, reserved 1048576K
}
Event: 436.753 GC heap after
{Heap after GC invocations=504 (full 13):
 PSYoungGen      total 2048K, used 496K [0x00000000eab00000, 0x00000000eaf80000, 0x0000000100000000)
  eden space 1536K, 0% used [0x00000000eab00000,0x00000000eab00000,0x00000000eac80000)
  from space 512K, 96% used [0x00000000ead80000,0x00000000eadfc010,0x00000000eae00000)
  to   space 1536K, 0% used [0x00000000eae00000,0x00000000eae00000,0x00000000eaf80000)
 ParOldGen       total 109568K, used 108890K [0x00000000c0000000, 0x00000000c6b00000, 0x00000000eab00000)
  object space 109568K, 99% used [0x00000000c0000000,0x00000000c6a56928,0x00000000c6b00000)
 Metaspace       used 79575K, committed 80704K, reserved 1179648K
  class space    used 8299K, committed 8768K, reserved 1048576K
}

